Analysis & Synthesis report for blackJack
Fri Jun 27 22:38:11 2025
Quartus II 64-Bit Version 13.0.0 Build 156 04/24/2013 SJ Web Edition


---------------------
; Table of Contents ;
---------------------
  1. Legal Notice
  2. Analysis & Synthesis Summary
  3. Analysis & Synthesis Settings
  4. Parallel Compilation
  5. Analysis & Synthesis Source Files Read
  6. Analysis & Synthesis Resource Usage Summary
  7. Analysis & Synthesis Resource Utilization by Entity
  8. State Machine - |blackJack|state
  9. General Register Statistics
 10. Inverted Register Statistics
 11. Multiplexer Restructuring Statistics (Restructuring Performed)
 12. Parameter Settings for Inferred Entity Instance: lpm_divide:Div1
 13. Parameter Settings for Inferred Entity Instance: lpm_divide:Div0
 14. Parameter Settings for Inferred Entity Instance: lpm_divide:Mod1
 15. Parameter Settings for Inferred Entity Instance: lpm_divide:Mod0
 16. Parameter Settings for Inferred Entity Instance: cards:card_gen|lpm_divide:Mod0
 17. Elapsed Time Per Partition
 18. Analysis & Synthesis Messages



----------------
; Legal Notice ;
----------------
Copyright (C) 1991-2013 Altera Corporation
Your use of Altera Corporation's design tools, logic functions 
and other software and tools, and its AMPP partner logic 
functions, and any output files from any of the foregoing 
(including device programming or simulation files), and any 
associated documentation or information are expressly subject 
to the terms and conditions of the Altera Program License 
Subscription Agreement, Altera MegaCore Function License 
Agreement, or other applicable license agreement, including, 
without limitation, that your use is for the sole purpose of 
programming logic devices manufactured by Altera and sold by 
Altera or its authorized distributors.  Please refer to the 
applicable agreement for further details.



+---------------------------------------------------------------------------------+
; Analysis & Synthesis Summary                                                    ;
+------------------------------------+--------------------------------------------+
; Analysis & Synthesis Status        ; Successful - Fri Jun 27 22:38:11 2025      ;
; Quartus II 64-Bit Version          ; 13.0.0 Build 156 04/24/2013 SJ Web Edition ;
; Revision Name                      ; blackJack                                  ;
; Top-level Entity Name              ; blackJack                                  ;
; Family                             ; Cyclone II                                 ;
; Total logic elements               ; 703                                        ;
;     Total combinational functions  ; 703                                        ;
;     Dedicated logic registers      ; 66                                         ;
; Total registers                    ; 66                                         ;
; Total pins                         ; 60                                         ;
; Total virtual pins                 ; 0                                          ;
; Total memory bits                  ; 0                                          ;
; Embedded Multiplier 9-bit elements ; 0                                          ;
; Total PLLs                         ; 0                                          ;
+------------------------------------+--------------------------------------------+


+----------------------------------------------------------------------------------------------------------------------+
; Analysis & Synthesis Settings                                                                                        ;
+----------------------------------------------------------------------------+--------------------+--------------------+
; Option                                                                     ; Setting            ; Default Value      ;
+----------------------------------------------------------------------------+--------------------+--------------------+
; Device                                                                     ; EP2C20F484C7       ;                    ;
; Top-level entity name                                                      ; blackJack          ; blackJack          ;
; Family name                                                                ; Cyclone II         ; Cyclone IV GX      ;
; Use smart compilation                                                      ; Off                ; Off                ;
; Enable parallel Assembler and TimeQuest Timing Analyzer during compilation ; On                 ; On                 ;
; Enable compact report table                                                ; Off                ; Off                ;
; Restructure Multiplexers                                                   ; Auto               ; Auto               ;
; Create Debugging Nodes for IP Cores                                        ; Off                ; Off                ;
; Preserve fewer node names                                                  ; On                 ; On                 ;
; Disable OpenCore Plus hardware evaluation                                  ; Off                ; Off                ;
; Verilog Version                                                            ; Verilog_2001       ; Verilog_2001       ;
; VHDL Version                                                               ; VHDL_1993          ; VHDL_1993          ;
; State Machine Processing                                                   ; Auto               ; Auto               ;
; Safe State Machine                                                         ; Off                ; Off                ;
; Extract Verilog State Machines                                             ; On                 ; On                 ;
; Extract VHDL State Machines                                                ; On                 ; On                 ;
; Ignore Verilog initial constructs                                          ; Off                ; Off                ;
; Iteration limit for constant Verilog loops                                 ; 5000               ; 5000               ;
; Iteration limit for non-constant Verilog loops                             ; 250                ; 250                ;
; Add Pass-Through Logic to Inferred RAMs                                    ; On                 ; On                 ;
; Infer RAMs from Raw Logic                                                  ; On                 ; On                 ;
; Parallel Synthesis                                                         ; On                 ; On                 ;
; DSP Block Balancing                                                        ; Auto               ; Auto               ;
; NOT Gate Push-Back                                                         ; On                 ; On                 ;
; Power-Up Don't Care                                                        ; On                 ; On                 ;
; Remove Redundant Logic Cells                                               ; Off                ; Off                ;
; Remove Duplicate Registers                                                 ; On                 ; On                 ;
; Ignore CARRY Buffers                                                       ; Off                ; Off                ;
; Ignore CASCADE Buffers                                                     ; Off                ; Off                ;
; Ignore GLOBAL Buffers                                                      ; Off                ; Off                ;
; Ignore ROW GLOBAL Buffers                                                  ; Off                ; Off                ;
; Ignore LCELL Buffers                                                       ; Off                ; Off                ;
; Ignore SOFT Buffers                                                        ; On                 ; On                 ;
; Limit AHDL Integers to 32 Bits                                             ; Off                ; Off                ;
; Optimization Technique                                                     ; Balanced           ; Balanced           ;
; Carry Chain Length                                                         ; 70                 ; 70                 ;
; Auto Carry Chains                                                          ; On                 ; On                 ;
; Auto Open-Drain Pins                                                       ; On                 ; On                 ;
; Perform WYSIWYG Primitive Resynthesis                                      ; Off                ; Off                ;
; Auto ROM Replacement                                                       ; On                 ; On                 ;
; Auto RAM Replacement                                                       ; On                 ; On                 ;
; Auto Shift Register Replacement                                            ; Auto               ; Auto               ;
; Allow Shift Register Merging across Hierarchies                            ; Auto               ; Auto               ;
; Auto Clock Enable Replacement                                              ; On                 ; On                 ;
; Strict RAM Replacement                                                     ; Off                ; Off                ;
; Allow Synchronous Control Signals                                          ; On                 ; On                 ;
; Force Use of Synchronous Clear Signals                                     ; Off                ; Off                ;
; Auto RAM to Logic Cell Conversion                                          ; Off                ; Off                ;
; Auto Resource Sharing                                                      ; Off                ; Off                ;
; Allow Any RAM Size For Recognition                                         ; Off                ; Off                ;
; Allow Any ROM Size For Recognition                                         ; Off                ; Off                ;
; Allow Any Shift Register Size For Recognition                              ; Off                ; Off                ;
; Use LogicLock Constraints during Resource Balancing                        ; On                 ; On                 ;
; Ignore translate_off and synthesis_off directives                          ; Off                ; Off                ;
; Timing-Driven Synthesis                                                    ; Off                ; Off                ;
; Report Parameter Settings                                                  ; On                 ; On                 ;
; Report Source Assignments                                                  ; On                 ; On                 ;
; Report Connectivity Checks                                                 ; On                 ; On                 ;
; Ignore Maximum Fan-Out Assignments                                         ; Off                ; Off                ;
; Synchronization Register Chain Length                                      ; 2                  ; 2                  ;
; PowerPlay Power Optimization                                               ; Normal compilation ; Normal compilation ;
; HDL message level                                                          ; Level2             ; Level2             ;
; Suppress Register Optimization Related Messages                            ; Off                ; Off                ;
; Number of Removed Registers Reported in Synthesis Report                   ; 5000               ; 5000               ;
; Number of Swept Nodes Reported in Synthesis Report                         ; 5000               ; 5000               ;
; Number of Inverted Registers Reported in Synthesis Report                  ; 100                ; 100                ;
; Clock MUX Protection                                                       ; On                 ; On                 ;
; Auto Gated Clock Conversion                                                ; Off                ; Off                ;
; Block Design Naming                                                        ; Auto               ; Auto               ;
; SDC constraint protection                                                  ; Off                ; Off                ;
; Synthesis Effort                                                           ; Auto               ; Auto               ;
; Shift Register Replacement - Allow Asynchronous Clear Signal               ; On                 ; On                 ;
; Pre-Mapping Resynthesis Optimization                                       ; Off                ; Off                ;
; Analysis & Synthesis Message Level                                         ; Medium             ; Medium             ;
; Disable Register Merging Across Hierarchies                                ; Auto               ; Auto               ;
; Resource Aware Inference For Block RAM                                     ; On                 ; On                 ;
; Synthesis Seed                                                             ; 1                  ; 1                  ;
+----------------------------------------------------------------------------+--------------------+--------------------+


Parallel compilation was disabled, but you have multiple processors available. Enable parallel compilation to reduce compilation time.
+-------------------------------------+
; Parallel Compilation                ;
+----------------------------+--------+
; Processors                 ; Number ;
+----------------------------+--------+
; Number detected on machine ; 8      ;
; Maximum allowed            ; 1      ;
+----------------------------+--------+


+---------------------------------------------------------------------------------------------------------------------------------------------------------------------+
; Analysis & Synthesis Source Files Read                                                                                                                              ;
+----------------------------------+-----------------+------------------------------+-----------------------------------------------------------------------+---------+
; File Name with User-Entered Path ; Used in Netlist ; File Type                    ; File Name with Absolute Path                                          ; Library ;
+----------------------------------+-----------------+------------------------------+-----------------------------------------------------------------------+---------+
; blackJack.vhd                    ; yes             ; User VHDL File               ; C:/Users/aluno/Documents/trabalhofinalvhdl/blackJack.vhd              ;         ;
; cards.vhd                        ; yes             ; User VHDL File               ; C:/Users/aluno/Documents/trabalhofinalvhdl/cards.vhd                  ;         ;
; lpm_divide.tdf                   ; yes             ; Megafunction                 ; c:/altera/13.0/quartus/libraries/megafunctions/lpm_divide.tdf         ;         ;
; abs_divider.inc                  ; yes             ; Megafunction                 ; c:/altera/13.0/quartus/libraries/megafunctions/abs_divider.inc        ;         ;
; sign_div_unsign.inc              ; yes             ; Megafunction                 ; c:/altera/13.0/quartus/libraries/megafunctions/sign_div_unsign.inc    ;         ;
; aglobal130.inc                   ; yes             ; Megafunction                 ; c:/altera/13.0/quartus/libraries/megafunctions/aglobal130.inc         ;         ;
; db/lpm_divide_ucm.tdf            ; yes             ; Auto-Generated Megafunction  ; C:/Users/aluno/Documents/trabalhofinalvhdl/db/lpm_divide_ucm.tdf      ;         ;
; db/sign_div_unsign_8kh.tdf       ; yes             ; Auto-Generated Megafunction  ; C:/Users/aluno/Documents/trabalhofinalvhdl/db/sign_div_unsign_8kh.tdf ;         ;
; db/alt_u_div_ive.tdf             ; yes             ; Auto-Generated Megafunction  ; C:/Users/aluno/Documents/trabalhofinalvhdl/db/alt_u_div_ive.tdf       ;         ;
; db/add_sub_lkc.tdf               ; yes             ; Auto-Generated Megafunction  ; C:/Users/aluno/Documents/trabalhofinalvhdl/db/add_sub_lkc.tdf         ;         ;
; db/add_sub_mkc.tdf               ; yes             ; Auto-Generated Megafunction  ; C:/Users/aluno/Documents/trabalhofinalvhdl/db/add_sub_mkc.tdf         ;         ;
; db/lpm_divide_25m.tdf            ; yes             ; Auto-Generated Megafunction  ; C:/Users/aluno/Documents/trabalhofinalvhdl/db/lpm_divide_25m.tdf      ;         ;
; db/sign_div_unsign_akh.tdf       ; yes             ; Auto-Generated Megafunction  ; C:/Users/aluno/Documents/trabalhofinalvhdl/db/sign_div_unsign_akh.tdf ;         ;
; db/alt_u_div_lve.tdf             ; yes             ; Auto-Generated Megafunction  ; C:/Users/aluno/Documents/trabalhofinalvhdl/db/alt_u_div_lve.tdf       ;         ;
; db/lpm_divide_68m.tdf            ; yes             ; Auto-Generated Megafunction  ; C:/Users/aluno/Documents/trabalhofinalvhdl/db/lpm_divide_68m.tdf      ;         ;
; db/sign_div_unsign_dnh.tdf       ; yes             ; Auto-Generated Megafunction  ; C:/Users/aluno/Documents/trabalhofinalvhdl/db/sign_div_unsign_dnh.tdf ;         ;
; db/alt_u_div_s5f.tdf             ; yes             ; Auto-Generated Megafunction  ; C:/Users/aluno/Documents/trabalhofinalvhdl/db/alt_u_div_s5f.tdf       ;         ;
+----------------------------------+-----------------+------------------------------+-----------------------------------------------------------------------+---------+


+------------------------------------------------------+
; Analysis & Synthesis Resource Usage Summary          ;
+---------------------------------------------+--------+
; Resource                                    ; Usage  ;
+---------------------------------------------+--------+
; Estimated Total logic elements              ; 703    ;
;                                             ;        ;
; Total combinational functions               ; 703    ;
; Logic element usage by number of LUT inputs ;        ;
;     -- 4 input functions                    ; 250    ;
;     -- 3 input functions                    ; 201    ;
;     -- <=2 input functions                  ; 252    ;
;                                             ;        ;
; Logic elements by mode                      ;        ;
;     -- normal mode                          ; 513    ;
;     -- arithmetic mode                      ; 190    ;
;                                             ;        ;
; Total registers                             ; 66     ;
;     -- Dedicated logic registers            ; 66     ;
;     -- I/O registers                        ; 0      ;
;                                             ;        ;
; I/O pins                                    ; 60     ;
; Embedded Multiplier 9-bit elements          ; 0      ;
; Maximum fan-out node                        ; KEY[1] ;
; Maximum fan-out                             ; 66     ;
; Total fan-out                               ; 2323   ;
; Average fan-out                             ; 2.80   ;
+---------------------------------------------+--------+


+--------------------------------------------------------------------------------------------------------------------------------------------------------------------------------------------------------------------------------------------------------------------------------------------------+
; Analysis & Synthesis Resource Utilization by Entity                                                                                                                                                                                                                                              ;
+-------------------------------------------+-------------------+--------------+-------------+--------------+---------+-----------+------+--------------+---------------------------------------------------------------------------------------------------------------------------+--------------+
; Compilation Hierarchy Node                ; LC Combinationals ; LC Registers ; Memory Bits ; DSP Elements ; DSP 9x9 ; DSP 18x18 ; Pins ; Virtual Pins ; Full Hierarchy Name                                                                                                       ; Library Name ;
+-------------------------------------------+-------------------+--------------+-------------+--------------+---------+-----------+------+--------------+---------------------------------------------------------------------------------------------------------------------------+--------------+
; |blackJack                                ; 703 (231)         ; 66 (46)      ; 0           ; 0            ; 0       ; 0         ; 60   ; 0            ; |blackJack                                                                                                                ;              ;
;    |cards:card_gen|                       ; 396 (21)          ; 20 (20)      ; 0           ; 0            ; 0       ; 0         ; 0    ; 0            ; |blackJack|cards:card_gen                                                                                                 ;              ;
;       |lpm_divide:Mod0|                   ; 375 (0)           ; 0 (0)        ; 0           ; 0            ; 0       ; 0         ; 0    ; 0            ; |blackJack|cards:card_gen|lpm_divide:Mod0                                                                                 ;              ;
;          |lpm_divide_68m:auto_generated|  ; 375 (0)           ; 0 (0)        ; 0           ; 0            ; 0       ; 0         ; 0    ; 0            ; |blackJack|cards:card_gen|lpm_divide:Mod0|lpm_divide_68m:auto_generated                                                   ;              ;
;             |sign_div_unsign_dnh:divider| ; 375 (0)           ; 0 (0)        ; 0           ; 0            ; 0       ; 0         ; 0    ; 0            ; |blackJack|cards:card_gen|lpm_divide:Mod0|lpm_divide_68m:auto_generated|sign_div_unsign_dnh:divider                       ;              ;
;                |alt_u_div_s5f:divider|    ; 375 (375)         ; 0 (0)        ; 0           ; 0            ; 0       ; 0         ; 0    ; 0            ; |blackJack|cards:card_gen|lpm_divide:Mod0|lpm_divide_68m:auto_generated|sign_div_unsign_dnh:divider|alt_u_div_s5f:divider ;              ;
;    |lpm_divide:Div0|                      ; 17 (0)            ; 0 (0)        ; 0           ; 0            ; 0       ; 0         ; 0    ; 0            ; |blackJack|lpm_divide:Div0                                                                                                ;              ;
;       |lpm_divide_ucm:auto_generated|     ; 17 (0)            ; 0 (0)        ; 0           ; 0            ; 0       ; 0         ; 0    ; 0            ; |blackJack|lpm_divide:Div0|lpm_divide_ucm:auto_generated                                                                  ;              ;
;          |sign_div_unsign_8kh:divider|    ; 17 (0)            ; 0 (0)        ; 0           ; 0            ; 0       ; 0         ; 0    ; 0            ; |blackJack|lpm_divide:Div0|lpm_divide_ucm:auto_generated|sign_div_unsign_8kh:divider                                      ;              ;
;             |alt_u_div_ive:divider|       ; 17 (17)           ; 0 (0)        ; 0           ; 0            ; 0       ; 0         ; 0    ; 0            ; |blackJack|lpm_divide:Div0|lpm_divide_ucm:auto_generated|sign_div_unsign_8kh:divider|alt_u_div_ive:divider                ;              ;
;    |lpm_divide:Div1|                      ; 17 (0)            ; 0 (0)        ; 0           ; 0            ; 0       ; 0         ; 0    ; 0            ; |blackJack|lpm_divide:Div1                                                                                                ;              ;
;       |lpm_divide_ucm:auto_generated|     ; 17 (0)            ; 0 (0)        ; 0           ; 0            ; 0       ; 0         ; 0    ; 0            ; |blackJack|lpm_divide:Div1|lpm_divide_ucm:auto_generated                                                                  ;              ;
;          |sign_div_unsign_8kh:divider|    ; 17 (0)            ; 0 (0)        ; 0           ; 0            ; 0       ; 0         ; 0    ; 0            ; |blackJack|lpm_divide:Div1|lpm_divide_ucm:auto_generated|sign_div_unsign_8kh:divider                                      ;              ;
;             |alt_u_div_ive:divider|       ; 17 (17)           ; 0 (0)        ; 0           ; 0            ; 0       ; 0         ; 0    ; 0            ; |blackJack|lpm_divide:Div1|lpm_divide_ucm:auto_generated|sign_div_unsign_8kh:divider|alt_u_div_ive:divider                ;              ;
;    |lpm_divide:Mod0|                      ; 21 (0)            ; 0 (0)        ; 0           ; 0            ; 0       ; 0         ; 0    ; 0            ; |blackJack|lpm_divide:Mod0                                                                                                ;              ;
;       |lpm_divide_25m:auto_generated|     ; 21 (0)            ; 0 (0)        ; 0           ; 0            ; 0       ; 0         ; 0    ; 0            ; |blackJack|lpm_divide:Mod0|lpm_divide_25m:auto_generated                                                                  ;              ;
;          |sign_div_unsign_akh:divider|    ; 21 (0)            ; 0 (0)        ; 0           ; 0            ; 0       ; 0         ; 0    ; 0            ; |blackJack|lpm_divide:Mod0|lpm_divide_25m:auto_generated|sign_div_unsign_akh:divider                                      ;              ;
;             |alt_u_div_lve:divider|       ; 21 (21)           ; 0 (0)        ; 0           ; 0            ; 0       ; 0         ; 0    ; 0            ; |blackJack|lpm_divide:Mod0|lpm_divide_25m:auto_generated|sign_div_unsign_akh:divider|alt_u_div_lve:divider                ;              ;
;    |lpm_divide:Mod1|                      ; 21 (0)            ; 0 (0)        ; 0           ; 0            ; 0       ; 0         ; 0    ; 0            ; |blackJack|lpm_divide:Mod1                                                                                                ;              ;
;       |lpm_divide_25m:auto_generated|     ; 21 (0)            ; 0 (0)        ; 0           ; 0            ; 0       ; 0         ; 0    ; 0            ; |blackJack|lpm_divide:Mod1|lpm_divide_25m:auto_generated                                                                  ;              ;
;          |sign_div_unsign_akh:divider|    ; 21 (0)            ; 0 (0)        ; 0           ; 0            ; 0       ; 0         ; 0    ; 0            ; |blackJack|lpm_divide:Mod1|lpm_divide_25m:auto_generated|sign_div_unsign_akh:divider                                      ;              ;
;             |alt_u_div_lve:divider|       ; 21 (21)           ; 0 (0)        ; 0           ; 0            ; 0       ; 0         ; 0    ; 0            ; |blackJack|lpm_divide:Mod1|lpm_divide_25m:auto_generated|sign_div_unsign_akh:divider|alt_u_div_lve:divider                ;              ;
+-------------------------------------------+-------------------+--------------+-------------+--------------+---------+-----------+------+--------------+---------------------------------------------------------------------------------------------------------------------------+--------------+
Note: For table entries with two numbers listed, the numbers in parentheses indicate the number of resources of the given type used by the specific entity alone. The numbers listed outside of parentheses indicate the total resources of the given type used by the specific entity and all of its sub-entities in the hierarchy.


Encoding Type:  One-Hot
+----------------------------------------------------------------------------------------------------------------------------------------------------------------------------------------------------------------------------------------------------------------------------------------------------------------------------+
; State Machine - |blackJack|state                                                                                                                                                                                                                                                                                           ;
+-------------------+--------------+--------------+-------------+-----------------+-------------------+----------------+---------------+------------------+---------------+--------------+------------------+-------------------+----------------+---------------+------------------+---------------+--------------+---------+
; Name              ; state.S_draw ; state.S_lose ; state.S_win ; state.SD_result ; state.SD_recieve1 ; state.SD_wait1 ; state.SD_rec1 ; state.SD_recieve ; state.SD_wait ; state.SD_rec ; state.S_decision ; state.SP_recieve1 ; state.SP_wait1 ; state.SP_rec1 ; state.SP_recieve ; state.SP_wait ; state.SP_rec ; state.I ;
+-------------------+--------------+--------------+-------------+-----------------+-------------------+----------------+---------------+------------------+---------------+--------------+------------------+-------------------+----------------+---------------+------------------+---------------+--------------+---------+
; state.I           ; 0            ; 0            ; 0           ; 0               ; 0                 ; 0              ; 0             ; 0                ; 0             ; 0            ; 0                ; 0                 ; 0              ; 0             ; 0                ; 0             ; 0            ; 0       ;
; state.SP_rec      ; 0            ; 0            ; 0           ; 0               ; 0                 ; 0              ; 0             ; 0                ; 0             ; 0            ; 0                ; 0                 ; 0              ; 0             ; 0                ; 0             ; 1            ; 1       ;
; state.SP_wait     ; 0            ; 0            ; 0           ; 0               ; 0                 ; 0              ; 0             ; 0                ; 0             ; 0            ; 0                ; 0                 ; 0              ; 0             ; 0                ; 1             ; 0            ; 1       ;
; state.SP_recieve  ; 0            ; 0            ; 0           ; 0               ; 0                 ; 0              ; 0             ; 0                ; 0             ; 0            ; 0                ; 0                 ; 0              ; 0             ; 1                ; 0             ; 0            ; 1       ;
; state.SP_rec1     ; 0            ; 0            ; 0           ; 0               ; 0                 ; 0              ; 0             ; 0                ; 0             ; 0            ; 0                ; 0                 ; 0              ; 1             ; 0                ; 0             ; 0            ; 1       ;
; state.SP_wait1    ; 0            ; 0            ; 0           ; 0               ; 0                 ; 0              ; 0             ; 0                ; 0             ; 0            ; 0                ; 0                 ; 1              ; 0             ; 0                ; 0             ; 0            ; 1       ;
; state.SP_recieve1 ; 0            ; 0            ; 0           ; 0               ; 0                 ; 0              ; 0             ; 0                ; 0             ; 0            ; 0                ; 1                 ; 0              ; 0             ; 0                ; 0             ; 0            ; 1       ;
; state.S_decision  ; 0            ; 0            ; 0           ; 0               ; 0                 ; 0              ; 0             ; 0                ; 0             ; 0            ; 1                ; 0                 ; 0              ; 0             ; 0                ; 0             ; 0            ; 1       ;
; state.SD_rec      ; 0            ; 0            ; 0           ; 0               ; 0                 ; 0              ; 0             ; 0                ; 0             ; 1            ; 0                ; 0                 ; 0              ; 0             ; 0                ; 0             ; 0            ; 1       ;
; state.SD_wait     ; 0            ; 0            ; 0           ; 0               ; 0                 ; 0              ; 0             ; 0                ; 1             ; 0            ; 0                ; 0                 ; 0              ; 0             ; 0                ; 0             ; 0            ; 1       ;
; state.SD_recieve  ; 0            ; 0            ; 0           ; 0               ; 0                 ; 0              ; 0             ; 1                ; 0             ; 0            ; 0                ; 0                 ; 0              ; 0             ; 0                ; 0             ; 0            ; 1       ;
; state.SD_rec1     ; 0            ; 0            ; 0           ; 0               ; 0                 ; 0              ; 1             ; 0                ; 0             ; 0            ; 0                ; 0                 ; 0              ; 0             ; 0                ; 0             ; 0            ; 1       ;
; state.SD_wait1    ; 0            ; 0            ; 0           ; 0               ; 0                 ; 1              ; 0             ; 0                ; 0             ; 0            ; 0                ; 0                 ; 0              ; 0             ; 0                ; 0             ; 0            ; 1       ;
; state.SD_recieve1 ; 0            ; 0            ; 0           ; 0               ; 1                 ; 0              ; 0             ; 0                ; 0             ; 0            ; 0                ; 0                 ; 0              ; 0             ; 0                ; 0             ; 0            ; 1       ;
; state.SD_result   ; 0            ; 0            ; 0           ; 1               ; 0                 ; 0              ; 0             ; 0                ; 0             ; 0            ; 0                ; 0                 ; 0              ; 0             ; 0                ; 0             ; 0            ; 1       ;
; state.S_win       ; 0            ; 0            ; 1           ; 0               ; 0                 ; 0              ; 0             ; 0                ; 0             ; 0            ; 0                ; 0                 ; 0              ; 0             ; 0                ; 0             ; 0            ; 1       ;
; state.S_lose      ; 0            ; 1            ; 0           ; 0               ; 0                 ; 0              ; 0             ; 0                ; 0             ; 0            ; 0                ; 0                 ; 0              ; 0             ; 0                ; 0             ; 0            ; 1       ;
; state.S_draw      ; 1            ; 0            ; 0           ; 0               ; 0                 ; 0              ; 0             ; 0                ; 0             ; 0            ; 0                ; 0                 ; 0              ; 0             ; 0                ; 0             ; 0            ; 1       ;
+-------------------+--------------+--------------+-------------+-----------------+-------------------+----------------+---------------+------------------+---------------+--------------+------------------+-------------------+----------------+---------------+------------------+---------------+--------------+---------+


+------------------------------------------------------+
; General Register Statistics                          ;
+----------------------------------------------+-------+
; Statistic                                    ; Value ;
+----------------------------------------------+-------+
; Total registers                              ; 66    ;
; Number of registers using Synchronous Clear  ; 1     ;
; Number of registers using Synchronous Load   ; 10    ;
; Number of registers using Asynchronous Clear ; 38    ;
; Number of registers using Asynchronous Load  ; 0     ;
; Number of registers using Clock Enable       ; 32    ;
; Number of registers using Preset             ; 0     ;
+----------------------------------------------+-------+


+---------------------------------------------------+
; Inverted Register Statistics                      ;
+-----------------------------------------+---------+
; Inverted Register                       ; Fan out ;
+-----------------------------------------+---------+
; card_val_display[0]                     ; 1       ;
; card_val_display[1]                     ; 1       ;
; card_val_display[2]                     ; 1       ;
; card_val_display[3]                     ; 1       ;
; card_val_display[4]                     ; 1       ;
; card_val_display[5]                     ; 1       ;
; card_val_display[6]                     ; 1       ;
; cards:card_gen|lfsr[15]                 ; 4       ;
; cards:card_gen|lfsr[13]                 ; 5       ;
; cards:card_gen|lfsr[11]                 ; 4       ;
; cards:card_gen|lfsr[10]                 ; 5       ;
; cards:card_gen|lfsr[7]                  ; 4       ;
; cards:card_gen|lfsr[5]                  ; 4       ;
; Total number of inverted registers = 13 ;         ;
+-----------------------------------------+---------+


+-------------------------------------------------------------------------------------------------------------------------------------------------+
; Multiplexer Restructuring Statistics (Restructuring Performed)                                                                                  ;
+--------------------+-----------+---------------+----------------------+------------------------+------------+-----------------------------------+
; Multiplexer Inputs ; Bus Width ; Baseline Area ; Area if Restructured ; Saving if Restructured ; Registered ; Example Multiplexer Output        ;
+--------------------+-----------+---------------+----------------------+------------------------+------------+-----------------------------------+
; 3:1                ; 10 bits   ; 20 LEs        ; 10 LEs               ; 10 LEs                 ; Yes        ; |blackJack|cards:card_gen|lfsr[0] ;
; 4:1                ; 4 bits    ; 8 LEs         ; 8 LEs                ; 0 LEs                  ; Yes        ; |blackJack|P_sum[4]               ;
; 4:1                ; 4 bits    ; 8 LEs         ; 8 LEs                ; 0 LEs                  ; Yes        ; |blackJack|D_sum[2]               ;
; 3:1                ; 6 bits    ; 12 LEs        ; 6 LEs                ; 6 LEs                  ; Yes        ; |blackJack|cards:card_gen|lfsr[5] ;
; 8:1                ; 7 bits    ; 35 LEs        ; 7 LEs                ; 28 LEs                 ; Yes        ; |blackJack|card_val_display[1]    ;
; 10:1               ; 14 bits   ; 84 LEs        ; 28 LEs               ; 56 LEs                 ; No         ; |blackJack|Selector48             ;
+--------------------+-----------+---------------+----------------------+------------------------+------------+-----------------------------------+


+------------------------------------------------------------------+
; Parameter Settings for Inferred Entity Instance: lpm_divide:Div1 ;
+------------------------+----------------+------------------------+
; Parameter Name         ; Value          ; Type                   ;
+------------------------+----------------+------------------------+
; LPM_WIDTHN             ; 5              ; Untyped                ;
; LPM_WIDTHD             ; 4              ; Untyped                ;
; LPM_NREPRESENTATION    ; UNSIGNED       ; Untyped                ;
; LPM_DREPRESENTATION    ; UNSIGNED       ; Untyped                ;
; LPM_PIPELINE           ; 0              ; Untyped                ;
; LPM_REMAINDERPOSITIVE  ; TRUE           ; Untyped                ;
; MAXIMIZE_SPEED         ; 5              ; Untyped                ;
; CBXI_PARAMETER         ; lpm_divide_ucm ; Untyped                ;
; CARRY_CHAIN            ; MANUAL         ; Untyped                ;
; OPTIMIZE_FOR_SPEED     ; 5              ; Untyped                ;
; AUTO_CARRY_CHAINS      ; ON             ; AUTO_CARRY             ;
; IGNORE_CARRY_BUFFERS   ; OFF            ; IGNORE_CARRY           ;
; AUTO_CASCADE_CHAINS    ; ON             ; AUTO_CASCADE           ;
; IGNORE_CASCADE_BUFFERS ; OFF            ; IGNORE_CASCADE         ;
+------------------------+----------------+------------------------+
Note: In order to hide this table in the UI and the text report file, please set the "Show Parameter Settings in Synthesis Report" option in "Analysis and Synthesis Settings -> More Settings" to "Off".


+------------------------------------------------------------------+
; Parameter Settings for Inferred Entity Instance: lpm_divide:Div0 ;
+------------------------+----------------+------------------------+
; Parameter Name         ; Value          ; Type                   ;
+------------------------+----------------+------------------------+
; LPM_WIDTHN             ; 5              ; Untyped                ;
; LPM_WIDTHD             ; 4              ; Untyped                ;
; LPM_NREPRESENTATION    ; UNSIGNED       ; Untyped                ;
; LPM_DREPRESENTATION    ; UNSIGNED       ; Untyped                ;
; LPM_PIPELINE           ; 0              ; Untyped                ;
; LPM_REMAINDERPOSITIVE  ; TRUE           ; Untyped                ;
; MAXIMIZE_SPEED         ; 5              ; Untyped                ;
; CBXI_PARAMETER         ; lpm_divide_ucm ; Untyped                ;
; CARRY_CHAIN            ; MANUAL         ; Untyped                ;
; OPTIMIZE_FOR_SPEED     ; 5              ; Untyped                ;
; AUTO_CARRY_CHAINS      ; ON             ; AUTO_CARRY             ;
; IGNORE_CARRY_BUFFERS   ; OFF            ; IGNORE_CARRY           ;
; AUTO_CASCADE_CHAINS    ; ON             ; AUTO_CASCADE           ;
; IGNORE_CASCADE_BUFFERS ; OFF            ; IGNORE_CASCADE         ;
+------------------------+----------------+------------------------+
Note: In order to hide this table in the UI and the text report file, please set the "Show Parameter Settings in Synthesis Report" option in "Analysis and Synthesis Settings -> More Settings" to "Off".


+------------------------------------------------------------------+
; Parameter Settings for Inferred Entity Instance: lpm_divide:Mod1 ;
+------------------------+----------------+------------------------+
; Parameter Name         ; Value          ; Type                   ;
+------------------------+----------------+------------------------+
; LPM_WIDTHN             ; 5              ; Untyped                ;
; LPM_WIDTHD             ; 5              ; Untyped                ;
; LPM_NREPRESENTATION    ; UNSIGNED       ; Untyped                ;
; LPM_DREPRESENTATION    ; UNSIGNED       ; Untyped                ;
; LPM_PIPELINE           ; 0              ; Untyped                ;
; LPM_REMAINDERPOSITIVE  ; TRUE           ; Untyped                ;
; MAXIMIZE_SPEED         ; 5              ; Untyped                ;
; CBXI_PARAMETER         ; lpm_divide_25m ; Untyped                ;
; CARRY_CHAIN            ; MANUAL         ; Untyped                ;
; OPTIMIZE_FOR_SPEED     ; 5              ; Untyped                ;
; AUTO_CARRY_CHAINS      ; ON             ; AUTO_CARRY             ;
; IGNORE_CARRY_BUFFERS   ; OFF            ; IGNORE_CARRY           ;
; AUTO_CASCADE_CHAINS    ; ON             ; AUTO_CASCADE           ;
; IGNORE_CASCADE_BUFFERS ; OFF            ; IGNORE_CASCADE         ;
+------------------------+----------------+------------------------+
Note: In order to hide this table in the UI and the text report file, please set the "Show Parameter Settings in Synthesis Report" option in "Analysis and Synthesis Settings -> More Settings" to "Off".


+------------------------------------------------------------------+
; Parameter Settings for Inferred Entity Instance: lpm_divide:Mod0 ;
+------------------------+----------------+------------------------+
; Parameter Name         ; Value          ; Type                   ;
+------------------------+----------------+------------------------+
; LPM_WIDTHN             ; 5              ; Untyped                ;
; LPM_WIDTHD             ; 5              ; Untyped                ;
; LPM_NREPRESENTATION    ; UNSIGNED       ; Untyped                ;
; LPM_DREPRESENTATION    ; UNSIGNED       ; Untyped                ;
; LPM_PIPELINE           ; 0              ; Untyped                ;
; LPM_REMAINDERPOSITIVE  ; TRUE           ; Untyped                ;
; MAXIMIZE_SPEED         ; 5              ; Untyped                ;
; CBXI_PARAMETER         ; lpm_divide_25m ; Untyped                ;
; CARRY_CHAIN            ; MANUAL         ; Untyped                ;
; OPTIMIZE_FOR_SPEED     ; 5              ; Untyped                ;
; AUTO_CARRY_CHAINS      ; ON             ; AUTO_CARRY             ;
; IGNORE_CARRY_BUFFERS   ; OFF            ; IGNORE_CARRY           ;
; AUTO_CASCADE_CHAINS    ; ON             ; AUTO_CASCADE           ;
; IGNORE_CASCADE_BUFFERS ; OFF            ; IGNORE_CASCADE         ;
+------------------------+----------------+------------------------+
Note: In order to hide this table in the UI and the text report file, please set the "Show Parameter Settings in Synthesis Report" option in "Analysis and Synthesis Settings -> More Settings" to "Off".


+---------------------------------------------------------------------------------+
; Parameter Settings for Inferred Entity Instance: cards:card_gen|lpm_divide:Mod0 ;
+------------------------+----------------+---------------------------------------+
; Parameter Name         ; Value          ; Type                                  ;
+------------------------+----------------+---------------------------------------+
; LPM_WIDTHN             ; 16             ; Untyped                               ;
; LPM_WIDTHD             ; 16             ; Untyped                               ;
; LPM_NREPRESENTATION    ; UNSIGNED       ; Untyped                               ;
; LPM_DREPRESENTATION    ; UNSIGNED       ; Untyped                               ;
; LPM_PIPELINE           ; 0              ; Untyped                               ;
; LPM_REMAINDERPOSITIVE  ; TRUE           ; Untyped                               ;
; MAXIMIZE_SPEED         ; 5              ; Untyped                               ;
; CBXI_PARAMETER         ; lpm_divide_68m ; Untyped                               ;
; CARRY_CHAIN            ; MANUAL         ; Untyped                               ;
; OPTIMIZE_FOR_SPEED     ; 5              ; Untyped                               ;
; AUTO_CARRY_CHAINS      ; ON             ; AUTO_CARRY                            ;
; IGNORE_CARRY_BUFFERS   ; OFF            ; IGNORE_CARRY                          ;
; AUTO_CASCADE_CHAINS    ; ON             ; AUTO_CASCADE                          ;
; IGNORE_CASCADE_BUFFERS ; OFF            ; IGNORE_CASCADE                        ;
+------------------------+----------------+---------------------------------------+
Note: In order to hide this table in the UI and the text report file, please set the "Show Parameter Settings in Synthesis Report" option in "Analysis and Synthesis Settings -> More Settings" to "Off".


+-------------------------------+
; Elapsed Time Per Partition    ;
+----------------+--------------+
; Partition Name ; Elapsed Time ;
+----------------+--------------+
; Top            ; 00:00:02     ;
+----------------+--------------+


+-------------------------------+
; Analysis & Synthesis Messages ;
+-------------------------------+
Info: *******************************************************************
Info: Running Quartus II 64-Bit Analysis & Synthesis
    Info: Version 13.0.0 Build 156 04/24/2013 SJ Web Edition
    Info: Processing started: Fri Jun 27 22:38:07 2025
Info: Command: quartus_map --read_settings_files=on --write_settings_files=off blackJack -c blackJack
Warning (20028): Parallel compilation is not licensed and has been disabled
Info (12021): Found 2 design units, including 1 entities, in source file blackjack.vhd
    Info (12022): Found design unit 1: blackJack-BlackJack
    Info (12023): Found entity 1: blackJack
Info (12021): Found 2 design units, including 1 entities, in source file cards.vhd
    Info (12022): Found design unit 1: cards-Behavioral
    Info (12023): Found entity 1: cards
Info (12127): Elaborating entity "blackJack" for the top level hierarchy
Warning (10812): VHDL warning at blackJack.vhd(105): sensitivity list already contains KEY
Warning (10492): VHDL Process Statement warning at blackJack.vhd(108): signal "chosen_card" is read inside the Process Statement but isn't in the Process Statement's sensitivity list
Warning (10492): VHDL Process Statement warning at blackJack.vhd(111): signal "SW" is read inside the Process Statement but isn't in the Process Statement's sensitivity list
Info (12128): Elaborating entity "cards" for hierarchy "cards:card_gen"
Info (278001): Inferred 5 megafunctions from design logic
    Info (278004): Inferred divider/modulo megafunction ("lpm_divide") from the following logic: "Div1"
    Info (278004): Inferred divider/modulo megafunction ("lpm_divide") from the following logic: "Div0"
    Info (278004): Inferred divider/modulo megafunction ("lpm_divide") from the following logic: "Mod1"
    Info (278004): Inferred divider/modulo megafunction ("lpm_divide") from the following logic: "Mod0"
    Info (278004): Inferred divider/modulo megafunction ("lpm_divide") from the following logic: "cards:card_gen|Mod0"
Info (12130): Elaborated megafunction instantiation "lpm_divide:Div1"
Info (12133): Instantiated megafunction "lpm_divide:Div1" with the following parameter:
    Info (12134): Parameter "LPM_WIDTHN" = "5"
    Info (12134): Parameter "LPM_WIDTHD" = "4"
    Info (12134): Parameter "LPM_NREPRESENTATION" = "UNSIGNED"
    Info (12134): Parameter "LPM_DREPRESENTATION" = "UNSIGNED"
Info (12021): Found 1 design units, including 1 entities, in source file db/lpm_divide_ucm.tdf
    Info (12023): Found entity 1: lpm_divide_ucm
Info (12021): Found 1 design units, including 1 entities, in source file db/sign_div_unsign_8kh.tdf
    Info (12023): Found entity 1: sign_div_unsign_8kh
Info (12021): Found 1 design units, including 1 entities, in source file db/alt_u_div_ive.tdf
    Info (12023): Found entity 1: alt_u_div_ive
Info (12021): Found 1 design units, including 1 entities, in source file db/add_sub_lkc.tdf
    Info (12023): Found entity 1: add_sub_lkc
Info (12021): Found 1 design units, including 1 entities, in source file db/add_sub_mkc.tdf
    Info (12023): Found entity 1: add_sub_mkc
Info (12130): Elaborated megafunction instantiation "lpm_divide:Mod1"
Info (12133): Instantiated megafunction "lpm_divide:Mod1" with the following parameter:
    Info (12134): Parameter "LPM_WIDTHN" = "5"
    Info (12134): Parameter "LPM_WIDTHD" = "5"
    Info (12134): Parameter "LPM_NREPRESENTATION" = "UNSIGNED"
    Info (12134): Parameter "LPM_DREPRESENTATION" = "UNSIGNED"
Info (12021): Found 1 design units, including 1 entities, in source file db/lpm_divide_25m.tdf
    Info (12023): Found entity 1: lpm_divide_25m
Info (12021): Found 1 design units, including 1 entities, in source file db/sign_div_unsign_akh.tdf
    Info (12023): Found entity 1: sign_div_unsign_akh
Info (12021): Found 1 design units, including 1 entities, in source file db/alt_u_div_lve.tdf
    Info (12023): Found entity 1: alt_u_div_lve
Info (12130): Elaborated megafunction instantiation "cards:card_gen|lpm_divide:Mod0"
Info (12133): Instantiated megafunction "cards:card_gen|lpm_divide:Mod0" with the following parameter:
    Info (12134): Parameter "LPM_WIDTHN" = "16"
    Info (12134): Parameter "LPM_WIDTHD" = "16"
    Info (12134): Parameter "LPM_NREPRESENTATION" = "UNSIGNED"
    Info (12134): Parameter "LPM_DREPRESENTATION" = "UNSIGNED"
Info (12021): Found 1 design units, including 1 entities, in source file db/lpm_divide_68m.tdf
    Info (12023): Found entity 1: lpm_divide_68m
Info (12021): Found 1 design units, including 1 entities, in source file db/sign_div_unsign_dnh.tdf
    Info (12023): Found entity 1: sign_div_unsign_dnh
Info (12021): Found 1 design units, including 1 entities, in source file db/alt_u_div_s5f.tdf
    Info (12023): Found entity 1: alt_u_div_s5f
Info (16010): Generating hard_block partition "hard_block:auto_generated_inst"
    Info (16011): Adding 0 node(s), including 0 DDIO, 0 PLL, 0 transceiver and 0 LCELL
Warning (21074): Design contains 5 input pin(s) that do not drive logic
    Warning (15610): No output dependent on input pin "SW[4]"
    Warning (15610): No output dependent on input pin "SW[6]"
    Warning (15610): No output dependent on input pin "SW[7]"
    Warning (15610): No output dependent on input pin "KEY[2]"
    Warning (15610): No output dependent on input pin "KEY[3]"
Info (21057): Implemented 764 device resources after synthesis - the final resource count might be different
    Info (21058): Implemented 14 input pins
    Info (21059): Implemented 46 output pins
    Info (21061): Implemented 704 logic cells
Info: Quartus II 64-Bit Analysis & Synthesis was successful. 0 errors, 10 warnings
    Info: Peak virtual memory: 4649 megabytes
    Info: Processing ended: Fri Jun 27 22:38:11 2025
    Info: Elapsed time: 00:00:04
    Info: Total CPU time (on all processors): 00:00:04


